[18:18:48] [main/INFO]: Loading Minecraft 1.19 with Quilt Loader 0.17.0
[18:18:48] [main/INFO]: Preparing JARs on first launch, this may take a few seconds...
[18:18:53] [main/INFO]: Loading 3 mods:
	- java 18
	- minecraft 1.19
	- quilt_loader 0.17.0
[18:18:53] [main/INFO]: SpongePowered MIXIN Subsystem Version=0.8.5 Source=file:/home/daniel/.gradle/caches/modules-2/files-2.1/net.fabricmc/sponge-mixin/0.11.2+mixin.0.8.5/f4ae569d559b5e3244b67321945261d83ff7ad8e/sponge-mixin-0.11.2+mixin.0.8.5.jar Service=Knot/Quilt Env=CLIENT
[18:18:53] [main/ERROR]: Minecraft has crashed!
org.quiltmc.loader.impl.FormattedException: java.lang.IllegalAccessError: class net.minecraft.util.registry.SimpleRegistry tried to access method 'void net.minecraft.util.Holder$Reference.bind(net.minecraft.util.registry.RegistryKey, java.lang.Object)' (net.minecraft.util.registry.SimpleRegistry and net.minecraft.util.Holder$Reference are in unnamed module of loader org.quiltmc.loader.impl.launch.knot.KnotClassLoader @5e01a982)
	at org.quiltmc.loader.impl.game.minecraft.MinecraftGameProvider.launch(MinecraftGameProvider.java:425) ~[quilt-loader-0.17.0.jar:?]
	at org.quiltmc.loader.impl.launch.knot.Knot.launch(Knot.java:76) [quilt-loader-0.17.0.jar:?]
	at org.quiltmc.loader.impl.launch.knot.KnotClient.main(KnotClient.java:24) [quilt-loader-0.17.0.jar:?]
Caused by: java.lang.IllegalAccessError: class net.minecraft.util.registry.SimpleRegistry tried to access method 'void net.minecraft.util.Holder$Reference.bind(net.minecraft.util.registry.RegistryKey, java.lang.Object)' (net.minecraft.util.registry.SimpleRegistry and net.minecraft.util.Holder$Reference are in unnamed module of loader org.quiltmc.loader.impl.launch.knot.KnotClassLoader @5e01a982)
	at net.minecraft.util.registry.SimpleRegistry.registerMapping(SimpleRegistry.java:128) ~[minecraft-project-@-merged-named.jar:?]
	at net.minecraft.util.registry.SimpleRegistry.set(SimpleRegistry.java:87) ~[minecraft-project-@-merged-named.jar:?]
	at net.minecraft.util.registry.SimpleRegistry.register(SimpleRegistry.java:135) ~[minecraft-project-@-merged-named.jar:?]
	at net.minecraft.util.registry.Registry.create(Registry.java:389) ~[minecraft-project-@-merged-named.jar:?]
	at net.minecraft.util.registry.Registry.registerDefaulted(Registry.java:381) ~[minecraft-project-@-merged-named.jar:?]
	at net.minecraft.util.registry.Registry.registerDefaulted(Registry.java:365) ~[minecraft-project-@-merged-named.jar:?]
	at net.minecraft.util.registry.Registry.<clinit>(Registry.java:203) ~[minecraft-project-@-merged-named.jar:?]
	at net.minecraft.Bootstrap.initialize(Bootstrap.java:50) ~[minecraft-project-@-merged-named.jar:?]
	at net.minecraft.client.main.Main.main(Main.java:154) ~[minecraft-project-@-merged-named.jar:?]
	at jdk.internal.reflect.DirectMethodHandleAccessor.invoke(DirectMethodHandleAccessor.java:104) ~[?:?]
	at java.lang.reflect.Method.invoke(Method.java:577) ~[?:?]
	at org.quiltmc.loader.impl.game.minecraft.MinecraftGameProvider.launch(MinecraftGameProvider.java:423) ~[quilt-loader-0.17.0.jar:?]
	... 2 more
